<?xml version="1.0" encoding="UTF-8"?>
<testsuite name="com.phorest.scrabble.TileRackTest" tests="1" skipped="0" failures="0" errors="0" timestamp="2020-09-24T16:47:13" hostname="MacBook-Pro.local" time="0.072">
  <properties/>
  <testcase name="should not allow same letter to be used twice()" classname="com.phorest.scrabble.TileRackTest" time="0.072"/>
  <system-out><![CDATA[]]></system-out>
  <system-err><![CDATA[]]></system-err>
</testsuite>
